\BOOKMARK [1][-]{section.1}{\376\377\176\352\213\272}{}% 1
\BOOKMARK [2][-]{subsection.1.1}{\376\377\220\011\230\230\200\314\146\157}{section.1}% 2
\BOOKMARK [2][-]{subsection.1.2}{\376\377\116\373\122\241\116\016\122\237\200\375}{section.1}% 3
\BOOKMARK [1][-]{section.2}{\376\377\174\373\176\337\140\073\117\123\213\276\213\241\116\016\122\006\135\345}{}% 4
\BOOKMARK [2][-]{subsection.2.1}{\376\377\140\073\117\123\147\266\147\204}{section.2}% 5
\BOOKMARK [2][-]{subsection.2.2}{\376\377\142\021\215\037\215\043\166\204\152\041\127\127}{section.2}% 6
\BOOKMARK [3][-]{subsubsection.2.2.1}{\376\377\116\013\117\115\147\072\152\041\127\127\377\010\126\372\116\366\377\011}{subsection.2.2}% 7
\BOOKMARK [3][-]{subsubsection.2.2.2}{\376\377\116\012\117\115\147\072\152\041\127\127\377\010\000Q\000t\000\040\133\242\142\067\172\357\377\011}{subsection.2.2}% 8
\BOOKMARK [1][-]{section.3}{\376\377\217\157\116\366\213\276\213\241\116\016\133\236\163\260}{}% 9
\BOOKMARK [2][-]{subsection.3.1}{\376\377\116\013\117\115\147\072\133\236\163\260\176\306\202\202}{section.3}% 10
\BOOKMARK [3][-]{subsubsection.3.1.1}{\376\377\116\062\123\343\152\041\127\127\377\010\143\245\145\066\000/\123\321\220\001\116\016\123\117\213\256\211\343\147\220\377\011}{subsection.3.1}% 11
\BOOKMARK [3][-]{subsubsection.3.1.2}{\376\377\145\366\225\364\152\041\127\127\116\016\000\040\000E\000T\000A\000\040\213\241\173\227\377\010\000t\000i\000m\000e\000\137\000m\000o\000d\000u\000l\000e\000.\000c\377\011}{subsection.3.1}% 12
\BOOKMARK [3][-]{subsubsection.3.1.3}{\376\377\133\236\145\366\145\366\224\237\377\010\000R\000T\000C\377\011\152\041\127\127\377\010\000r\000e\000a\000l\000\137\000t\000i\000m\000e\000\137\000m\000o\000d\000u\000l\000e\000.\000c\377\011}{subsection.3.1}% 13
\BOOKMARK [3][-]{subsubsection.3.1.4}{\376\377\226\010\120\074\143\001\116\105\123\026\116\016\000\040\000E\000E\000P\000R\000O\000M}{subsection.3.1}% 14
\BOOKMARK [2][-]{subsection.3.2}{\376\377\116\012\117\115\147\072\133\236\163\260\176\306\202\202\377\010\000Q\000t\377\011}{section.3}% 15
\BOOKMARK [3][-]{subsubsection.3.2.1}{\376\377\116\062\123\343\173\241\164\006\116\016\211\343\147\220}{subsection.3.2}% 16
\BOOKMARK [3][-]{subsubsection.3.2.2}{\376\377\162\266\140\001\227\142\147\177\377\010\000S\000t\000a\000t\000u\000s\000P\000a\000g\000e\377\011\116\016\145\160\143\156\152\041\127\213}{subsection.3.2}% 17
\BOOKMARK [3][-]{subsubsection.3.2.3}{\376\377\143\247\122\066\227\142\147\177\377\010\000C\000o\000n\000t\000r\000o\000l\000P\000a\000g\000e\377\011}{subsection.3.2}% 18
\BOOKMARK [3][-]{subsubsection.3.2.4}{\376\377\142\245\213\146\173\241\164\006\116\016\146\362\176\277}{subsection.3.2}% 19
\BOOKMARK [1][-]{section.4}{\376\377\174\373\176\337\155\113\213\325\116\016\122\006\147\220}{}% 20
\BOOKMARK [2][-]{subsection.4.1}{\376\377\155\113\213\325\163\257\130\203\116\016\135\345\121\167}{section.4}% 21
\BOOKMARK [2][-]{subsection.4.2}{\376\377\121\163\225\056\155\113\213\325\165\050\117\213}{section.4}% 22
\BOOKMARK [2][-]{subsection.4.3}{\376\377\155\113\213\325\176\323\147\234\171\072\117\213\116\016\122\006\147\220}{section.4}% 23
\BOOKMARK [1][-]{section.5}{\376\377\140\073\176\323\116\016\134\125\147\033}{}% 24
